mode: count
github.com/xiaojiaoyu100/cast/basic_auth.go:8.46,10.2 1 1
github.com/xiaojiaoyu100/cast/cast.go:42.30,49.23 6 23
github.com/xiaojiaoyu100/cast/cast.go:53.2,53.10 1 23
github.com/xiaojiaoyu100/cast/cast.go:49.23,51.3 1 11
github.com/xiaojiaoyu100/cast/cast.go:56.42,59.2 2 1
github.com/xiaojiaoyu100/cast/cast.go:61.48,64.2 2 1
github.com/xiaojiaoyu100/cast/cast.go:66.55,67.28 1 1
github.com/xiaojiaoyu100/cast/cast.go:72.2,72.10 1 1
github.com/xiaojiaoyu100/cast/cast.go:67.28,68.24 1 2
github.com/xiaojiaoyu100/cast/cast.go:68.24,70.4 1 2
github.com/xiaojiaoyu100/cast/cast.go:75.52,76.28 1 1
github.com/xiaojiaoyu100/cast/cast.go:81.2,81.10 1 1
github.com/xiaojiaoyu100/cast/cast.go:76.28,77.24 1 1
github.com/xiaojiaoyu100/cast/cast.go:77.24,79.4 1 2
github.com/xiaojiaoyu100/cast/cast.go:84.61,87.2 2 1
github.com/xiaojiaoyu100/cast/cast.go:89.70,92.2 2 1
github.com/xiaojiaoyu100/cast/cast.go:94.53,99.2 2 1
github.com/xiaojiaoyu100/cast/cast.go:101.63,106.2 2 1
github.com/xiaojiaoyu100/cast/cast.go:108.43,111.2 2 1
github.com/xiaojiaoyu100/cast/cast.go:113.69,118.2 2 1
github.com/xiaojiaoyu100/cast/cast.go:120.74,125.2 2 1
github.com/xiaojiaoyu100/cast/cast.go:127.78,135.2 2 1
github.com/xiaojiaoyu100/cast/cast.go:137.89,145.2 2 0
github.com/xiaojiaoyu100/cast/cast.go:147.88,155.2 2 0
github.com/xiaojiaoyu100/cast/cast.go:157.96,166.2 2 0
github.com/xiaojiaoyu100/cast/cast.go:168.56,169.29 1 1
github.com/xiaojiaoyu100/cast/cast.go:172.2,172.10 1 1
github.com/xiaojiaoyu100/cast/cast.go:169.29,171.3 1 2
github.com/xiaojiaoyu100/cast/cast.go:175.57,178.2 2 1
github.com/xiaojiaoyu100/cast/cast.go:180.42,183.26 2 0
github.com/xiaojiaoyu100/cast/cast.go:196.2,200.19 2 0
github.com/xiaojiaoyu100/cast/cast.go:213.2,214.16 2 0
github.com/xiaojiaoyu100/cast/cast.go:219.2,219.30 1 0
github.com/xiaojiaoyu100/cast/cast.go:225.2,226.16 2 0
github.com/xiaojiaoyu100/cast/cast.go:231.2,232.16 2 0
github.com/xiaojiaoyu100/cast/cast.go:236.2,236.29 1 0
github.com/xiaojiaoyu100/cast/cast.go:241.2,243.24 2 0
github.com/xiaojiaoyu100/cast/cast.go:247.2,247.30 1 0
github.com/xiaojiaoyu100/cast/cast.go:251.2,251.19 1 0
github.com/xiaojiaoyu100/cast/cast.go:259.2,264.6 2 0
github.com/xiaojiaoyu100/cast/cast.go:294.2,294.16 1 0
github.com/xiaojiaoyu100/cast/cast.go:298.2,299.31 2 0
github.com/xiaojiaoyu100/cast/cast.go:303.2,306.16 4 0
github.com/xiaojiaoyu100/cast/cast.go:310.2,315.17 4 0
github.com/xiaojiaoyu100/cast/cast.go:183.26,185.17 2 0
github.com/xiaojiaoyu100/cast/cast.go:189.3,190.17 2 0
github.com/xiaojiaoyu100/cast/cast.go:185.17,188.4 2 0
github.com/xiaojiaoyu100/cast/cast.go:190.17,193.4 2 0
github.com/xiaojiaoyu100/cast/cast.go:200.19,202.17 2 0
github.com/xiaojiaoyu100/cast/cast.go:207.3,207.36 1 0
github.com/xiaojiaoyu100/cast/cast.go:202.17,205.4 2 0
github.com/xiaojiaoyu100/cast/cast.go:207.36,211.4 1 0
github.com/xiaojiaoyu100/cast/cast.go:214.16,217.3 2 0
github.com/xiaojiaoyu100/cast/cast.go:219.30,220.24 1 0
github.com/xiaojiaoyu100/cast/cast.go:220.24,222.4 1 0
github.com/xiaojiaoyu100/cast/cast.go:226.16,229.3 2 0
github.com/xiaojiaoyu100/cast/cast.go:232.16,235.3 2 0
github.com/xiaojiaoyu100/cast/cast.go:236.29,237.24 1 0
github.com/xiaojiaoyu100/cast/cast.go:237.24,239.4 1 0
github.com/xiaojiaoyu100/cast/cast.go:243.24,245.3 1 0
github.com/xiaojiaoyu100/cast/cast.go:247.30,249.3 1 0
github.com/xiaojiaoyu100/cast/cast.go:251.19,253.40 2 0
github.com/xiaojiaoyu100/cast/cast.go:256.3,256.29 1 0
github.com/xiaojiaoyu100/cast/cast.go:253.40,255.4 1 0
github.com/xiaojiaoyu100/cast/cast.go:264.6,266.22 1 0
github.com/xiaojiaoyu100/cast/cast.go:270.3,274.37 4 0
github.com/xiaojiaoyu100/cast/cast.go:281.3,281.52 1 0
github.com/xiaojiaoyu100/cast/cast.go:291.3,291.8 1 0
github.com/xiaojiaoyu100/cast/cast.go:266.22,267.9 1 0
github.com/xiaojiaoyu100/cast/cast.go:274.37,275.25 1 0
github.com/xiaojiaoyu100/cast/cast.go:275.25,277.10 2 0
github.com/xiaojiaoyu100/cast/cast.go:281.52,282.19 1 0
github.com/xiaojiaoyu100/cast/cast.go:285.4,285.22 1 0
github.com/xiaojiaoyu100/cast/cast.go:282.19,284.5 1 0
github.com/xiaojiaoyu100/cast/cast.go:285.22,287.13 2 0
github.com/xiaojiaoyu100/cast/cast.go:294.16,296.3 1 0
github.com/xiaojiaoyu100/cast/cast.go:299.31,301.3 1 0
github.com/xiaojiaoyu100/cast/cast.go:306.16,309.3 2 0
github.com/xiaojiaoyu100/cast/rep.go:15.55,17.2 1 1
github.com/xiaojiaoyu100/cast/rep.go:19.33,21.2 1 1
github.com/xiaojiaoyu100/cast/rep.go:23.35,25.2 1 1
github.com/xiaojiaoyu100/cast/rep.go:27.36,29.2 1 1
github.com/xiaojiaoyu100/cast/rep.go:31.40,33.2 1 1
github.com/xiaojiaoyu100/cast/req_body.go:22.46,24.2 1 1
github.com/xiaojiaoyu100/cast/req_body.go:26.51,28.70 2 2
github.com/xiaojiaoyu100/cast/req_body.go:31.2,31.21 1 2
github.com/xiaojiaoyu100/cast/req_body.go:28.70,30.3 1 0
github.com/xiaojiaoyu100/cast/req_body.go:38.56,40.2 1 1
github.com/xiaojiaoyu100/cast/req_body.go:42.61,44.16 2 2
github.com/xiaojiaoyu100/cast/req_body.go:47.2,47.48 1 2
github.com/xiaojiaoyu100/cast/req_body.go:44.16,46.3 1 0
github.com/xiaojiaoyu100/cast/response_hook.go:11.64,12.38 1 1
github.com/xiaojiaoyu100/cast/response_hook.go:16.2,17.16 2 1
github.com/xiaojiaoyu100/cast/response_hook.go:21.2,21.27 1 1
github.com/xiaojiaoyu100/cast/response_hook.go:12.38,14.3 1 0
github.com/xiaojiaoyu100/cast/response_hook.go:17.16,19.3 1 0
github.com/xiaojiaoyu100/cast/backoff.go:17.69,19.2 1 6
github.com/xiaojiaoyu100/cast/backoff.go:25.71,27.2 1 6
github.com/xiaojiaoyu100/cast/backoff.go:34.59,39.2 4 13
github.com/xiaojiaoyu100/cast/backoff.go:45.74,47.2 1 10
github.com/xiaojiaoyu100/cast/backoff.go:53.85,57.2 3 0
github.com/xiaojiaoyu100/cast/backoff.go:63.84,67.2 3 0
github.com/xiaojiaoyu100/cast/backoff.go:75.40,77.2 1 0
github.com/xiaojiaoyu100/cast/backoff.go:79.92,86.2 6 0
github.com/xiaojiaoyu100/cast/option.go:10.45,11.23 1 1
github.com/xiaojiaoyu100/cast/option.go:11.23,13.3 1 1
github.com/xiaojiaoyu100/cast/option.go:16.54,17.23 1 1
github.com/xiaojiaoyu100/cast/option.go:17.23,21.3 3 1
github.com/xiaojiaoyu100/cast/option.go:24.37,25.23 1 1
github.com/xiaojiaoyu100/cast/option.go:25.23,27.3 1 1
github.com/xiaojiaoyu100/cast/option.go:30.39,31.23 1 3
github.com/xiaojiaoyu100/cast/option.go:31.23,33.3 1 3
github.com/xiaojiaoyu100/cast/option.go:36.47,37.23 1 1
github.com/xiaojiaoyu100/cast/option.go:37.23,39.3 1 1
github.com/xiaojiaoyu100/cast/option.go:42.34,43.23 1 1
github.com/xiaojiaoyu100/cast/option.go:43.23,45.3 1 1
github.com/xiaojiaoyu100/cast/option.go:48.44,49.23 1 1
github.com/xiaojiaoyu100/cast/option.go:49.23,51.3 1 1
github.com/xiaojiaoyu100/cast/option.go:54.35,55.23 1 1
github.com/xiaojiaoyu100/cast/option.go:55.23,57.3 1 1
github.com/xiaojiaoyu100/cast/option.go:60.36,61.23 1 1
github.com/xiaojiaoyu100/cast/option.go:61.23,63.3 1 1
github.com/xiaojiaoyu100/cast/request_hook.go:11.61,12.37 1 1
github.com/xiaojiaoyu100/cast/request_hook.go:16.2,17.16 2 1
github.com/xiaojiaoyu100/cast/request_hook.go:21.2,21.35 1 1
github.com/xiaojiaoyu100/cast/request_hook.go:12.37,14.3 1 0
github.com/xiaojiaoyu100/cast/request_hook.go:17.16,19.3 1 0
